JJ-05-2019: { Error: Cannot find module 'prisma-client-lib'
JJ-05-2019:     at Function.Module._resolveFilename (internal/modules/cjs/loader.js:649:15)
JJ-05-2019:     at Module.Hook._require.Module.require (/usr/local/lib/node_modules/pm2/node_modules/require-in-the-middle/index.js:51:27)
JJ-05-2019:     at require (internal/modules/cjs/helpers.js:14:16)
JJ-05-2019:     at Object.<anonymous> (/Users/mac/Documents/project/teacherPlatForm/backend/src/generated/prisma-client/index.js:3:20)
JJ-05-2019:     at Module._compile (internal/modules/cjs/loader.js:799:30)
JJ-05-2019:     at Object.Module._extensions..js (internal/modules/cjs/loader.js:810:10)
JJ-05-2019:     at Module.load (internal/modules/cjs/loader.js:666:32)
JJ-05-2019:     at tryModuleLoad (internal/modules/cjs/loader.js:606:12)
JJ-05-2019:     at Function.Module._load (internal/modules/cjs/loader.js:598:3)
JJ-05-2019:     at Module.require (internal/modules/cjs/loader.js:705:19) code: 'MODULE_NOT_FOUND' }
JJ-05-2019: { Error: Cannot find module 'prisma-client-lib'
JJ-05-2019:     at Function.Module._resolveFilename (internal/modules/cjs/loader.js:649:15)
JJ-05-2019:     at Module.Hook._require.Module.require (/usr/local/lib/node_modules/pm2/node_modules/require-in-the-middle/index.js:51:27)
JJ-05-2019:     at require (internal/modules/cjs/helpers.js:14:16)
JJ-05-2019:     at Object.<anonymous> (/Users/mac/Documents/project/teacherPlatForm/backend/src/generated/prisma-client/index.js:3:20)
JJ-05-2019:     at Module._compile (internal/modules/cjs/loader.js:799:30)
JJ-05-2019:     at Object.Module._extensions..js (internal/modules/cjs/loader.js:810:10)
JJ-05-2019:     at Module.load (internal/modules/cjs/loader.js:666:32)
JJ-05-2019:     at tryModuleLoad (internal/modules/cjs/loader.js:606:12)
JJ-05-2019:     at Function.Module._load (internal/modules/cjs/loader.js:598:3)
JJ-05-2019:     at Module.require (internal/modules/cjs/loader.js:705:19) code: 'MODULE_NOT_FOUND' }
JJ-05-2019: { Error: Cannot find module 'prisma-client-lib'
JJ-05-2019:     at Function.Module._resolveFilename (internal/modules/cjs/loader.js:649:15)
JJ-05-2019:     at Module.Hook._require.Module.require (/usr/local/lib/node_modules/pm2/node_modules/require-in-the-middle/index.js:51:27)
JJ-05-2019:     at require (internal/modules/cjs/helpers.js:14:16)
JJ-05-2019:     at Object.<anonymous> (/Users/mac/Documents/project/teacherPlatForm/backend/src/generated/prisma-client/index.js:3:20)
JJ-05-2019:     at Module._compile (internal/modules/cjs/loader.js:799:30)
JJ-05-2019:     at Object.Module._extensions..js (internal/modules/cjs/loader.js:810:10)
JJ-05-2019:     at Module.load (internal/modules/cjs/loader.js:666:32)
JJ-05-2019:     at tryModuleLoad (internal/modules/cjs/loader.js:606:12)
JJ-05-2019:     at Function.Module._load (internal/modules/cjs/loader.js:598:3)
JJ-05-2019:     at Module.require (internal/modules/cjs/loader.js:705:19) code: 'MODULE_NOT_FOUND' }
JJ-05-2019: { Error: Cannot find module 'prisma-client-lib'
JJ-05-2019:     at Function.Module._resolveFilename (internal/modules/cjs/loader.js:649:15)
JJ-05-2019:     at Module.Hook._require.Module.require (/usr/local/lib/node_modules/pm2/node_modules/require-in-the-middle/index.js:51:27)
JJ-05-2019:     at require (internal/modules/cjs/helpers.js:14:16)
JJ-05-2019:     at Object.<anonymous> (/Users/mac/Documents/project/teacherPlatForm/backend/src/generated/prisma-client/index.js:3:20)
JJ-05-2019:     at Module._compile (internal/modules/cjs/loader.js:799:30)
JJ-05-2019:     at Object.Module._extensions..js (internal/modules/cjs/loader.js:810:10)
JJ-05-2019:     at Module.load (internal/modules/cjs/loader.js:666:32)
JJ-05-2019:     at tryModuleLoad (internal/modules/cjs/loader.js:606:12)
JJ-05-2019:     at Function.Module._load (internal/modules/cjs/loader.js:598:3)
JJ-05-2019:     at Module.require (internal/modules/cjs/loader.js:705:19) code: 'MODULE_NOT_FOUND' }
JJ-05-2019: { Error: Cannot find module 'prisma-client-lib'
JJ-05-2019:     at Function.Module._resolveFilename (internal/modules/cjs/loader.js:649:15)
JJ-05-2019:     at Module.Hook._require.Module.require (/usr/local/lib/node_modules/pm2/node_modules/require-in-the-middle/index.js:51:27)
JJ-05-2019:     at require (internal/modules/cjs/helpers.js:14:16)
JJ-05-2019:     at Object.<anonymous> (/Users/mac/Documents/project/teacherPlatForm/backend/src/generated/prisma-client/index.js:3:20)
JJ-05-2019:     at Module._compile (internal/modules/cjs/loader.js:799:30)
JJ-05-2019:     at Object.Module._extensions..js (internal/modules/cjs/loader.js:810:10)
JJ-05-2019:     at Module.load (internal/modules/cjs/loader.js:666:32)
JJ-05-2019:     at tryModuleLoad (internal/modules/cjs/loader.js:606:12)
JJ-05-2019:     at Function.Module._load (internal/modules/cjs/loader.js:598:3)
JJ-05-2019:     at Module.require (internal/modules/cjs/loader.js:705:19) code: 'MODULE_NOT_FOUND' }
JJ-05-2019: { Error: Cannot find module 'prisma-client-lib'
JJ-05-2019:     at Function.Module._resolveFilename (internal/modules/cjs/loader.js:649:15)
JJ-05-2019:     at Module.Hook._require.Module.require (/usr/local/lib/node_modules/pm2/node_modules/require-in-the-middle/index.js:51:27)
JJ-05-2019:     at require (internal/modules/cjs/helpers.js:14:16)
JJ-05-2019:     at Object.<anonymous> (/Users/mac/Documents/project/teacherPlatForm/backend/src/generated/prisma-client/index.js:3:20)
JJ-05-2019:     at Module._compile (internal/modules/cjs/loader.js:799:30)
JJ-05-2019:     at Object.Module._extensions..js (internal/modules/cjs/loader.js:810:10)
JJ-05-2019:     at Module.load (internal/modules/cjs/loader.js:666:32)
JJ-05-2019:     at tryModuleLoad (internal/modules/cjs/loader.js:606:12)
JJ-05-2019:     at Function.Module._load (internal/modules/cjs/loader.js:598:3)
JJ-05-2019:     at Module.require (internal/modules/cjs/loader.js:705:19) code: 'MODULE_NOT_FOUND' }
JJ-05-2019: { Error: Cannot find module 'prisma-client-lib'
JJ-05-2019:     at Function.Module._resolveFilename (internal/modules/cjs/loader.js:649:15)
JJ-05-2019:     at Module.Hook._require.Module.require (/usr/local/lib/node_modules/pm2/node_modules/require-in-the-middle/index.js:51:27)
JJ-05-2019:     at require (internal/modules/cjs/helpers.js:14:16)
JJ-05-2019:     at Object.<anonymous> (/Users/mac/Documents/project/teacherPlatForm/backend/src/generated/prisma-client/index.js:3:20)
JJ-05-2019:     at Module._compile (internal/modules/cjs/loader.js:799:30)
JJ-05-2019:     at Object.Module._extensions..js (internal/modules/cjs/loader.js:810:10)
JJ-05-2019:     at Module.load (internal/modules/cjs/loader.js:666:32)
JJ-05-2019:     at tryModuleLoad (internal/modules/cjs/loader.js:606:12)
JJ-05-2019:     at Function.Module._load (internal/modules/cjs/loader.js:598:3)
JJ-05-2019:     at Module.require (internal/modules/cjs/loader.js:705:19) code: 'MODULE_NOT_FOUND' }
JJ-05-2019: { Error: Cannot find module 'prisma-client-lib'
JJ-05-2019:     at Function.Module._resolveFilename (internal/modules/cjs/loader.js:649:15)
JJ-05-2019:     at Module.Hook._require.Module.require (/usr/local/lib/node_modules/pm2/node_modules/require-in-the-middle/index.js:51:27)
JJ-05-2019:     at require (internal/modules/cjs/helpers.js:14:16)
JJ-05-2019:     at Object.<anonymous> (/Users/mac/Documents/project/teacherPlatForm/backend/src/generated/prisma-client/index.js:3:20)
JJ-05-2019:     at Module._compile (internal/modules/cjs/loader.js:799:30)
JJ-05-2019:     at Object.Module._extensions..js (internal/modules/cjs/loader.js:810:10)
JJ-05-2019:     at Module.load (internal/modules/cjs/loader.js:666:32)
JJ-05-2019:     at tryModuleLoad (internal/modules/cjs/loader.js:606:12)
JJ-05-2019:     at Function.Module._load (internal/modules/cjs/loader.js:598:3)
JJ-05-2019:     at Module.require (internal/modules/cjs/loader.js:705:19) code: 'MODULE_NOT_FOUND' }
JJ-05-2019: { Error: Cannot find module 'prisma-client-lib'
JJ-05-2019:     at Function.Module._resolveFilename (internal/modules/cjs/loader.js:649:15)
JJ-05-2019:     at Module.Hook._require.Module.require (/usr/local/lib/node_modules/pm2/node_modules/require-in-the-middle/index.js:51:27)
JJ-05-2019:     at require (internal/modules/cjs/helpers.js:14:16)
JJ-05-2019:     at Object.<anonymous> (/Users/mac/Documents/project/teacherPlatForm/backend/src/generated/prisma-client/index.js:3:20)
JJ-05-2019:     at Module._compile (internal/modules/cjs/loader.js:799:30)
JJ-05-2019:     at Object.Module._extensions..js (internal/modules/cjs/loader.js:810:10)
JJ-05-2019:     at Module.load (internal/modules/cjs/loader.js:666:32)
JJ-05-2019:     at tryModuleLoad (internal/modules/cjs/loader.js:606:12)
JJ-05-2019:     at Function.Module._load (internal/modules/cjs/loader.js:598:3)
JJ-05-2019:     at Module.require (internal/modules/cjs/loader.js:705:19) code: 'MODULE_NOT_FOUND' }
JJ-05-2019: { Error: Cannot find module 'prisma-client-lib'
JJ-05-2019:     at Function.Module._resolveFilename (internal/modules/cjs/loader.js:649:15)
JJ-05-2019:     at Module.Hook._require.Module.require (/usr/local/lib/node_modules/pm2/node_modules/require-in-the-middle/index.js:51:27)
JJ-05-2019:     at require (internal/modules/cjs/helpers.js:14:16)
JJ-05-2019:     at Object.<anonymous> (/Users/mac/Documents/project/teacherPlatForm/backend/src/generated/prisma-client/index.js:3:20)
JJ-05-2019:     at Module._compile (internal/modules/cjs/loader.js:799:30)
JJ-05-2019:     at Object.Module._extensions..js (internal/modules/cjs/loader.js:810:10)
JJ-05-2019:     at Module.load (internal/modules/cjs/loader.js:666:32)
JJ-05-2019:     at tryModuleLoad (internal/modules/cjs/loader.js:606:12)
JJ-05-2019:     at Function.Module._load (internal/modules/cjs/loader.js:598:3)
JJ-05-2019:     at Module.require (internal/modules/cjs/loader.js:705:19) code: 'MODULE_NOT_FOUND' }
JJ-05-2019: { Error: Cannot find module 'prisma-client-lib'
JJ-05-2019:     at Function.Module._resolveFilename (internal/modules/cjs/loader.js:649:15)
JJ-05-2019:     at Module.Hook._require.Module.require (/usr/local/lib/node_modules/pm2/node_modules/require-in-the-middle/index.js:51:27)
JJ-05-2019:     at require (internal/modules/cjs/helpers.js:14:16)
JJ-05-2019:     at Object.<anonymous> (/Users/mac/Documents/project/teacherPlatForm/backend/src/generated/prisma-client/index.js:3:20)
JJ-05-2019:     at Module._compile (internal/modules/cjs/loader.js:799:30)
JJ-05-2019:     at Object.Module._extensions..js (internal/modules/cjs/loader.js:810:10)
JJ-05-2019:     at Module.load (internal/modules/cjs/loader.js:666:32)
JJ-05-2019:     at tryModuleLoad (internal/modules/cjs/loader.js:606:12)
JJ-05-2019:     at Function.Module._load (internal/modules/cjs/loader.js:598:3)
JJ-05-2019:     at Module.require (internal/modules/cjs/loader.js:705:19) code: 'MODULE_NOT_FOUND' }
JJ-05-2019: { Error: Cannot find module 'prisma-client-lib'
JJ-05-2019:     at Function.Module._resolveFilename (internal/modules/cjs/loader.js:649:15)
JJ-05-2019:     at Module.Hook._require.Module.require (/usr/local/lib/node_modules/pm2/node_modules/require-in-the-middle/index.js:51:27)
JJ-05-2019:     at require (internal/modules/cjs/helpers.js:14:16)
JJ-05-2019:     at Object.<anonymous> (/Users/mac/Documents/project/teacherPlatForm/backend/src/generated/prisma-client/index.js:3:20)
JJ-05-2019:     at Module._compile (internal/modules/cjs/loader.js:799:30)
JJ-05-2019:     at Object.Module._extensions..js (internal/modules/cjs/loader.js:810:10)
JJ-05-2019:     at Module.load (internal/modules/cjs/loader.js:666:32)
JJ-05-2019:     at tryModuleLoad (internal/modules/cjs/loader.js:606:12)
JJ-05-2019:     at Function.Module._load (internal/modules/cjs/loader.js:598:3)
JJ-05-2019:     at Module.require (internal/modules/cjs/loader.js:705:19) code: 'MODULE_NOT_FOUND' }
JJ-05-2019: { Error: Cannot find module 'prisma-client-lib'
JJ-05-2019:     at Function.Module._resolveFilename (internal/modules/cjs/loader.js:649:15)
JJ-05-2019:     at Module.Hook._require.Module.require (/usr/local/lib/node_modules/pm2/node_modules/require-in-the-middle/index.js:51:27)
JJ-05-2019:     at require (internal/modules/cjs/helpers.js:14:16)
JJ-05-2019:     at Object.<anonymous> (/Users/mac/Documents/project/teacherPlatForm/backend/src/generated/prisma-client/index.js:3:20)
JJ-05-2019:     at Module._compile (internal/modules/cjs/loader.js:799:30)
JJ-05-2019:     at Object.Module._extensions..js (internal/modules/cjs/loader.js:810:10)
JJ-05-2019:     at Module.load (internal/modules/cjs/loader.js:666:32)
JJ-05-2019:     at tryModuleLoad (internal/modules/cjs/loader.js:606:12)
JJ-05-2019:     at Function.Module._load (internal/modules/cjs/loader.js:598:3)
JJ-05-2019:     at Module.require (internal/modules/cjs/loader.js:705:19) code: 'MODULE_NOT_FOUND' }
JJ-05-2019: { Error: Cannot find module 'prisma-client-lib'
JJ-05-2019:     at Function.Module._resolveFilename (internal/modules/cjs/loader.js:649:15)
JJ-05-2019:     at Module.Hook._require.Module.require (/usr/local/lib/node_modules/pm2/node_modules/require-in-the-middle/index.js:51:27)
JJ-05-2019:     at require (internal/modules/cjs/helpers.js:14:16)
JJ-05-2019:     at Object.<anonymous> (/Users/mac/Documents/project/teacherPlatForm/backend/src/generated/prisma-client/index.js:3:20)
JJ-05-2019:     at Module._compile (internal/modules/cjs/loader.js:799:30)
JJ-05-2019:     at Object.Module._extensions..js (internal/modules/cjs/loader.js:810:10)
JJ-05-2019:     at Module.load (internal/modules/cjs/loader.js:666:32)
JJ-05-2019:     at tryModuleLoad (internal/modules/cjs/loader.js:606:12)
JJ-05-2019:     at Function.Module._load (internal/modules/cjs/loader.js:598:3)
JJ-05-2019:     at Module.require (internal/modules/cjs/loader.js:705:19) code: 'MODULE_NOT_FOUND' }
JJ-05-2019: { Error: Cannot find module 'prisma-client-lib'
JJ-05-2019:     at Function.Module._resolveFilename (internal/modules/cjs/loader.js:649:15)
JJ-05-2019:     at Module.Hook._require.Module.require (/usr/local/lib/node_modules/pm2/node_modules/require-in-the-middle/index.js:51:27)
JJ-05-2019:     at require (internal/modules/cjs/helpers.js:14:16)
JJ-05-2019:     at Object.<anonymous> (/Users/mac/Documents/project/teacherPlatForm/backend/src/generated/prisma-client/index.js:3:20)
JJ-05-2019:     at Module._compile (internal/modules/cjs/loader.js:799:30)
JJ-05-2019:     at Object.Module._extensions..js (internal/modules/cjs/loader.js:810:10)
JJ-05-2019:     at Module.load (internal/modules/cjs/loader.js:666:32)
JJ-05-2019:     at tryModuleLoad (internal/modules/cjs/loader.js:606:12)
JJ-05-2019:     at Function.Module._load (internal/modules/cjs/loader.js:598:3)
JJ-05-2019:     at Module.require (internal/modules/cjs/loader.js:705:19) code: 'MODULE_NOT_FOUND' }
JJ-05-2019: { Error: Cannot find module 'prisma-client-lib'
JJ-05-2019:     at Function.Module._resolveFilename (internal/modules/cjs/loader.js:649:15)
JJ-05-2019:     at Module.Hook._require.Module.require (/usr/local/lib/node_modules/pm2/node_modules/require-in-the-middle/index.js:51:27)
JJ-05-2019:     at require (internal/modules/cjs/helpers.js:14:16)
JJ-05-2019:     at Object.<anonymous> (/Users/mac/Documents/project/teacherPlatForm/backend/src/generated/prisma-client/index.js:3:20)
JJ-05-2019:     at Module._compile (internal/modules/cjs/loader.js:799:30)
JJ-05-2019:     at Object.Module._extensions..js (internal/modules/cjs/loader.js:810:10)
JJ-05-2019:     at Module.load (internal/modules/cjs/loader.js:666:32)
JJ-05-2019:     at tryModuleLoad (internal/modules/cjs/loader.js:606:12)
JJ-05-2019:     at Function.Module._load (internal/modules/cjs/loader.js:598:3)
JJ-05-2019:     at Module.require (internal/modules/cjs/loader.js:705:19) code: 'MODULE_NOT_FOUND' }
